<?xml version="1.0" encoding="UTF-8"?>
<!-- Generated by org.testng.reporters.JUnitXMLReporter -->
<testsuite hostname="SATTVA" tests="6" failures="0" timestamp="21 Jul 2016 12:58:39 GMT" time="19.085" errors="0">
  <testcase name="openMainPage" time="3.128" classname="LangsTest"/>
  <testcase name="verEngLangBtn" time="2.388" classname="LangsTest"/>
  <testcase name="verPortLangBtn" time="3.119" classname="LangsTest"/>
  <testcase name="verEspLangBtn" time="2.567" classname="LangsTest"/>
  <testcase name="verFrLangBtn" time="2.5" classname="LangsTest"/>
  <testcase name="verRusLangBtn" time="2.444" classname="LangsTest"/>
</testsuite>
