<?xml version="1.0" encoding="UTF-8"?>
<!-- Generated by org.testng.reporters.JUnitXMLReporter -->
<testsuite hostname="SATTVA" tests="8" failures="0" timestamp="21 Jul 2016 12:58:19 GMT" time="15.553" errors="0">
  <testcase name="openMainPage" time="3.591" classname="FooterTest"/>
  <testcase name="clickAboutBtn" time="2.18" classname="FooterTest"/>
  <testcase name="clickSupportBtn" time="1.448" classname="FooterTest"/>
  <testcase name="clickTipsBtn" time="1.033" classname="FooterTest"/>
  <testcase name="clickStoriesBtn" time="1.151" classname="FooterTest"/>
  <testcase name="clickContactsBtn" time="1.177" classname="FooterTest"/>
  <testcase name="clickPrivacyBtn" time="1.32" classname="FooterTest"/>
  <testcase name="clickPartnersBtn" time="1.006" classname="FooterTest"/>
</testsuite>
