<?xml version="1.0" encoding="UTF-8"?>
<!-- Generated by org.testng.reporters.JUnitXMLReporter -->
<testsuite hostname="SATTVA" tests="4" failures="0" timestamp="21 Jul 2016 12:58:04 GMT" time="21.234" errors="0">
  <testcase name="openMainPage" time="6.295" classname="LogInTest"/>
  <testcase name="typeEmail" time="1.036" classname="LogInTest"/>
  <testcase name="typePass" time="0.395" classname="LogInTest"/>
  <testcase name="clickSubmitBtn" time="6.819" classname="LogInTest"/>
</testsuite>
