<?xml version="1.0" encoding="UTF-8"?>
<testng-results skipped="0" failed="0" total="2" passed="2">
  <reporter-output>
  </reporter-output>
  <suite name="Maven Suite Two" duration-ms="526" started-at="2016-07-19T17:15:27Z" finished-at="2016-07-19T17:15:28Z">
    <groups>
    </groups>
    <test name="TaskTwo" duration-ms="526" started-at="2016-07-19T17:15:27Z" finished-at="2016-07-19T17:15:28Z">
      <class name="tests.TestDir.SomeTestTwo">
        <test-method status="PASS" signature="test3()[pri:0, instance:tests.TestDir.SomeTestTwo@69eb86b4]" name="test3" duration-ms="84" started-at="2016-07-19T20:15:27Z" finished-at="2016-07-19T20:15:27Z">
          <reporter-output>
          </reporter-output>
        </test-method> <!-- test3 -->
        <test-method status="PASS" signature="test4()[pri:0, instance:tests.TestDir.SomeTestTwo@69eb86b4]" name="test4" duration-ms="1" started-at="2016-07-19T20:15:28Z" finished-at="2016-07-19T20:15:28Z">
          <reporter-output>
          </reporter-output>
        </test-method> <!-- test4 -->
      </class> <!-- tests.TestDir.SomeTestTwo -->
    </test> <!-- TaskTwo -->
  </suite> <!-- Maven Suite Two -->
</testng-results>
